Determining if the pthread_create exist failed with the following output:
Change Dir: /home/ccz/gitSpace/something/CMakeFiles/CMakeTmp

Run Build Command:"/usr/bin/make" "cmTC_d9044/fast"
/usr/bin/make -f CMakeFiles/cmTC_d9044.dir/build.make CMakeFiles/cmTC_d9044.dir/build
make[1]: Entering directory '/home/ccz/gitSpace/something/CMakeFiles/CMakeTmp'
Building C object CMakeFiles/cmTC_d9044.dir/CheckSymbolExists.c.o
/usr/bin/cc     -o CMakeFiles/cmTC_d9044.dir/CheckSymbolExists.c.o   -c /home/ccz/gitSpace/something/CMakeFiles/CMakeTmp/CheckSymbolExists.c
Linking C executable cmTC_d9044
/usr/bin/cmake -E cmake_link_script CMakeFiles/cmTC_d9044.dir/link.txt --verbose=1
/usr/bin/cc       CMakeFiles/cmTC_d9044.dir/CheckSymbolExists.c.o  -o cmTC_d9044 
CMakeFiles/cmTC_d9044.dir/CheckSymbolExists.c.o：在函数‘main’中：
CheckSymbolExists.c:(.text+0x16)：对‘pthread_create’未定义的引用
collect2: error: ld returned 1 exit status
CMakeFiles/cmTC_d9044.dir/build.make:97: recipe for target 'cmTC_d9044' failed
make[1]: *** [cmTC_d9044] Error 1
make[1]: Leaving directory '/home/ccz/gitSpace/something/CMakeFiles/CMakeTmp'
Makefile:126: recipe for target 'cmTC_d9044/fast' failed
make: *** [cmTC_d9044/fast] Error 2

File /home/ccz/gitSpace/something/CMakeFiles/CMakeTmp/CheckSymbolExists.c:
/* */
#include <pthread.h>

int main(int argc, char** argv)
{
  (void)argv;
#ifndef pthread_create
  return ((int*)(&pthread_create))[argc];
#else
  (void)argc;
  return 0;
#endif
}

Determining if the function pthread_create exists in the pthreads failed with the following output:
Change Dir: /home/ccz/gitSpace/something/CMakeFiles/CMakeTmp

Run Build Command:"/usr/bin/make" "cmTC_02428/fast"
/usr/bin/make -f CMakeFiles/cmTC_02428.dir/build.make CMakeFiles/cmTC_02428.dir/build
make[1]: Entering directory '/home/ccz/gitSpace/something/CMakeFiles/CMakeTmp'
Building C object CMakeFiles/cmTC_02428.dir/CheckFunctionExists.c.o
/usr/bin/cc    -DCHECK_FUNCTION_EXISTS=pthread_create   -o CMakeFiles/cmTC_02428.dir/CheckFunctionExists.c.o   -c /usr/share/cmake-3.5/Modules/CheckFunctionExists.c
Linking C executable cmTC_02428
/usr/bin/cmake -E cmake_link_script CMakeFiles/cmTC_02428.dir/link.txt --verbose=1
/usr/bin/cc   -DCHECK_FUNCTION_EXISTS=pthread_create    CMakeFiles/cmTC_02428.dir/CheckFunctionExists.c.o  -o cmTC_02428 -lpthreads 
/usr/bin/ld: 找不到 -lpthreads
collect2: error: ld returned 1 exit status
CMakeFiles/cmTC_02428.dir/build.make:97: recipe for target 'cmTC_02428' failed
make[1]: *** [cmTC_02428] Error 1
make[1]: Leaving directory '/home/ccz/gitSpace/something/CMakeFiles/CMakeTmp'
Makefile:126: recipe for target 'cmTC_02428/fast' failed
make: *** [cmTC_02428/fast] Error 2


